         #Time  Core     P_PKG     P_PP0    P_DRAM  Core     P_PKG     P_PP0    P_DRAM
 1499882080.63     0     30.81     17.90     15.31    12     31.45     18.55     14.91
 1499882080.73     0     35.55     22.82     14.21    12     36.61     23.83     14.37
 1499882080.83     0     33.82     20.88     16.81    12     35.13     22.00     17.14
 1499882080.93     0     35.36     22.84     13.24    12     36.35     23.81     12.91
 1499882081.03     0     34.84     21.68     17.37    12     35.49     22.38     17.66
 1499882081.13     0     35.36     22.90     12.74    12     36.31     23.82     12.77
 1499882081.23     0     34.95     21.79     17.33    12     35.92     22.69     17.54
 1499882081.33     0     34.99     22.26     14.50    12     35.92     23.14     14.36
 1499882081.43     0     35.24     22.38     15.65    12     36.14     23.22     15.84
 1499882081.53     0     34.78     21.61     17.58    12     35.64     22.41     17.77
 1499882081.63     0     35.07     22.60     12.43    12     35.80     23.31     12.69
 1499882081.73     0     34.72     21.52     17.68    12     35.55     22.33     17.53
 1499882081.83     0     35.44     22.99     12.84    12     36.30     23.81     12.83
 1499882081.93     0     34.98     21.81     17.65    12     35.80     22.58     17.48
 1499882082.03     0     35.03     22.52     12.98    12     36.05     23.51     13.06
 1499882082.13     0     35.06     21.97     17.18    12     35.89     22.75     17.39
 1499882082.23     0     34.94     21.95     16.40    12     35.83     22.80     16.31
 1499882082.33     0     35.23     22.62     13.98    12     36.14     23.50     13.81
 1499882082.43     0     34.87     21.69     17.66    12     35.73     22.50     17.45
 1499882082.53     0     35.33     22.87     12.62    12     36.26     23.76     12.97
 1499882082.63     0     34.61     21.56     17.55    12     35.45     22.36     17.26
 1499882082.73     0     34.92     22.26     14.00    12     35.79     23.08     14.01
 1499882082.83     0     35.24     22.30     16.17    12     36.10     23.10     16.41
 1499882082.93     0     34.71     21.56     17.46    12     35.59     22.40     17.49
 1499882083.03     0     35.29     22.83     12.64    12     36.17     23.68     12.61
 1499882083.13     0     34.81     21.63     17.57    12     35.74     22.52     17.50
 1499882083.23     0     35.20     22.74     12.68    12     36.17     23.67     12.86
 1499882083.33     0     34.91     21.74     17.60    12     35.83     22.62     17.65
 1499882083.43     0     34.92     22.09     15.12    12     35.88     23.01     15.22
 1499882083.53     0     35.10     22.31     15.28    12     36.17     23.33     15.10
 1499882083.63     0     34.69     21.51     17.57    12     35.71     22.49     17.61
 1499882083.73     0     35.29     22.83     12.84    12     36.34     23.84     12.65
 1499882083.83     0     34.84     21.66     17.66    12     35.49     22.40     17.46
 1499882083.93     0     34.70     22.32     12.89    12     36.11     23.58     13.25
 1499882084.03     0     35.27     22.03     17.58    12     36.35     23.06     17.09
 1499882084.13     0     34.77     21.78     16.30    12     35.81     22.77     16.50
 1499882084.23     0     35.22     22.61     13.89    12     36.19     23.53     13.99
 1499882084.33     0     34.39     21.57     17.52    12     35.81     22.59     17.67
 1499882084.43     0     35.23     22.54     12.76    12     35.90     23.52     12.54
 1499882084.53     0     34.92     21.75     17.35    12     35.82     22.60     17.68
 1499882084.63     0     34.64     22.13     12.86    12     35.63     23.07     13.05
 1499882084.73     0     34.91     21.79     17.16    12     35.79     22.63     17.09
 1499882084.83     0     34.82     21.86     16.25    12     35.75     22.73     16.27
 1499882084.94     0     35.12     22.49     14.03    12     36.08     23.40     14.11
 1499882085.04     0     34.79     21.61     17.48    12     35.71     22.48     17.68
 1499882085.14     0     35.33     22.87     12.57    12     36.21     23.71     12.76
 1499882085.24     0     34.88     21.71     17.63    12     35.81     22.59     17.66
 1499882085.34     0     34.93     22.28     13.86    12     35.88     23.18     13.98
 1499882085.44     0     35.11     22.18     16.39    12     36.03     23.07     16.27
 1499882085.54     0     34.73     21.58     17.46    12     35.63     22.43     17.58
 1499882085.64     0     35.21     22.76     12.73    12     36.22     23.73     12.81
 1499882085.74     0     34.78     21.60     17.57    12     35.75     22.52     17.49
 1499882085.84     0     35.15     22.69     12.77    12     36.20     23.70     12.77
 1499882085.94     0     34.96     21.79     17.53    12     35.83     22.61     17.56
 1499882086.04     0     34.86     22.03     15.02    12     35.81     22.93     15.16
 1499882086.14     0     35.17     22.38     15.26    12     36.06     23.23     15.24
 1499882086.24     0     34.80     21.61     17.49    12     35.67     22.44     17.59
 1499882086.34     0     35.32     22.86     12.84    12     36.26     23.75     12.82
 1499882086.44     0     34.91     21.74     17.56    12     35.42     22.32     17.46
 1499882086.54     0     35.13     22.63     12.97    12     36.05     23.54     12.87
 1499882086.64     0     34.95     21.85     17.21    12     36.24     22.93     17.54
 1499882086.74     0     34.87     21.89     16.24    12     35.40     22.51     16.31
 1499882086.84     0     35.17     22.56     13.76    12     36.42     23.63     14.17
 1499882086.94     0     34.60     21.42     17.37    12     35.10     22.00     17.42
 1499882087.04     0     34.95     22.62     12.62    12     36.26     23.76     12.83
 1499882087.14     0     34.97     21.79     17.66    12     35.80     22.58     17.57
 1499882087.24     0     35.02     22.44     13.60    12     35.90     23.27     13.61
 1499882087.34     0     35.06     22.05     16.67    12     36.01     22.96     16.85
 1499882087.44     0     34.78     21.71     17.01    12     35.64     22.54     17.09
 1499882087.54     0     35.61     22.96     13.23    12     36.16     23.58     13.18
 1499882087.64     0     34.54     21.49     17.34    12     35.72     22.50     17.48
 1499882087.74     0     35.31     22.85     12.57    12     36.20     23.70     12.56
 1499882087.84     0     34.87     21.70     17.50    12     35.80     22.58     17.54
 1499882087.94     0     34.92     22.16     14.69    12     35.79     22.99     14.69
 1499882088.04     0     35.27     22.43     15.60    12     36.13     23.25     15.69
 1499882088.14     0     34.83     21.65     17.59    12     35.66     22.43     17.51
 1499882088.24     0     35.48     23.02     12.83    12     36.31     23.81     12.62
 1499882088.34     0     34.99     21.81     17.54    12     35.88     22.66     17.48
 1499882088.44     0     35.34     22.87     12.81    12     36.20     23.69     12.77
 1499882088.54     0     35.09     21.92     17.53    12     35.89     22.67     17.45
 1499882088.64     0     34.97     22.03     15.83    12     35.85     22.87     15.94
 1499882088.74     0     35.31     22.65     14.24    12     36.12     23.41     14.32
 1499882088.84     0     34.85     21.67     17.39    12     35.75     22.51     17.70
 1499882088.94     0     35.35     22.89     12.85    12     36.27     23.77     12.61
 1499882089.04     0     35.02     21.85     17.56    12     35.47     22.37     17.58
 1499882089.15     0     35.00     22.38     13.64    12     36.20     23.41     13.78
 1499882089.25     0     35.26     22.31     16.51    12     36.04     23.04     16.59
 1499882089.35     0     34.84     21.74     17.35    12     35.63     22.49     17.34
 1499882089.45     0     35.29     22.80     13.03    12     36.22     23.69     13.02
 1499882089.55     0     34.88     21.69     17.67    12     35.77     22.55     17.59
 1499882089.65     0     35.36     22.89     12.77    12     36.20     23.70     12.86
 1499882089.75     0     35.00     21.83     17.53    12     35.84     22.63     17.53
 1499882089.85     0     35.06     22.26     14.92    12     35.51     22.80     14.62
 1499882089.95     0     35.36     22.54     15.38    12     36.15     23.28     15.47
 1499882090.05     0     34.44     21.39     17.45    12     35.64     22.42     17.69
 1499882090.15     0     35.44     22.97     12.66    12     36.32     23.82     12.54
 1499882090.25     0     34.98     21.80     17.66    12     35.82     22.59     17.67
 1499882090.35     0     35.32     22.86     12.86    12     36.10     23.60     12.75
 1499882090.45     0     34.94     21.81     17.51    12     35.84     22.65     17.51
 1499882090.55     0     34.97     22.01     15.87    12     35.81     22.80     15.97
 1499882090.65     0     34.87     22.19     14.29    12     35.70     22.99     14.30
 1499882090.75     0     34.77     21.59     17.63    12     35.54     22.31     17.68
 1499882090.85     0     35.42     22.96     12.72    12     36.27     23.78     12.82
 1499882090.95     0     34.93     21.75     17.53    12     35.80     22.57     17.53
 1499882091.05     0     35.00     22.66     12.73    12     35.81     23.43     12.66
 1499882091.15     0     34.97     21.81     17.49    12     35.82     22.61     17.58
 1499882091.25     0     35.28     22.23     15.55    12     35.83     22.88     15.62
 1499882091.35     0     35.14     22.48     14.78    12     36.09     23.36     14.71
 1499882091.45     0     34.42     21.37     17.33    12     35.67     22.43     17.55
 1499882091.55     0     35.27     22.82     12.83    12     36.25     23.75     12.83
 1499882091.65     0     35.03     21.86     17.43    12     35.84     22.62     17.52
 1499882091.75     0     35.07     22.50     13.52    12     35.85     23.23     13.48
 1499882091.85     0     35.39     22.29     16.68    12     35.94     22.91     16.81
 1499882091.95     0     34.77     21.67     17.14    12     35.70     22.56     17.19
 1499882092.05     0     35.21     22.70     13.09    12     36.12     23.55     13.12
 1499882092.15     0     34.47     21.42     17.41    12     35.74     22.50     17.72
 1499882092.25     0     35.25     22.80     12.75    12     36.23     23.72     12.77
 1499882092.35     0     34.87     21.71     17.60    12     35.80     22.58     17.60
 1499882092.45     0     34.94     22.20     14.40    12     35.79     23.01     14.37
 1499882092.55     0     35.15     22.29     15.82    12     36.10     23.19     15.98
 1499882092.65     0     34.68     21.51     17.66    12     35.62     22.40     17.75
 1499882092.75     0     35.37     22.92     12.63    12     36.31     23.81     12.60
 1499882092.85     0     34.87     21.70     17.44    12     35.80     22.56     17.76
 1499882092.95     0     35.24     22.78     12.86    12     36.23     23.72     12.78
 1499882093.05     0     34.87     21.71     17.58    12     35.86     22.64     17.68
 1499882093.15     0     34.92     22.05     15.52    12     35.87     22.95     15.47
 1499882093.25     0     35.12     22.41     14.87    12     36.07     23.31     14.75
 1499882093.35     0     34.72     21.54     17.54    12     35.71     22.47     17.63
 1499882093.46     0     35.33     22.87     12.73    12     36.33     23.83     12.83
 1499882093.56     0     34.91     21.74     17.53    12     35.49     22.39     17.49
 1499882093.66     0     35.01     22.47     13.36    12     35.97     23.39     13.29
 1499882093.76     0     35.01     21.97     16.95    12     36.34     23.10     17.25
 1499882093.86     0     34.74     21.70     16.76    12     35.76     22.67     16.94
 1499882093.96     0     35.14     22.58     13.48    12     36.18     23.58     13.49
 1499882094.06     0     34.78     21.60     17.43    12     35.77     22.54     17.71
 1499882094.16     0     35.29     22.83     12.75    12     35.89     23.51     12.64
 1499882094.26     0     34.53     21.49     17.37    12     35.82     22.59     17.40
 1499882094.36     0     35.20     22.35     14.59    12     35.79     23.04     14.41
 1499882094.46     0     35.20     22.32     15.97    12     36.19     23.24     16.04
 1499882094.56     0     34.37     21.32     17.53    12     35.66     22.42     17.66
 1499882094.66     0     35.33     22.88     12.63    12     36.32     23.82     12.82
 1499882094.76     0     34.80     21.63     17.62    12     35.77     22.54     17.71
 1499882094.86     0     35.19     22.73     12.67    12     36.21     23.69     12.78
 1499882094.96     0     34.93     21.76     17.59    12     35.84     22.62     17.38
 1499882095.06     0     34.94     22.08     15.14    12     35.88     22.96     15.39
 1499882095.16     0     35.06     22.32     14.92    12     36.09     23.29     15.05
 1499882095.26     0     34.70     21.52     17.65    12     35.66     22.42     17.64
 1499882095.36     0     35.30     22.84     12.74    12     36.29     23.79     12.65
 1499882095.46     0     34.88     21.71     17.63    12     35.46     22.34     17.50
 1499882095.56     0     35.07     22.53     13.22    12     36.06     23.49     13.07
 1499882095.66     0     35.06     21.97     17.05    12     35.97     22.81     17.29
 1499882095.76     0     34.82     21.81     16.65    12     35.75     22.71     16.60
 1499882095.86     0     35.20     22.61     13.51    12     36.11     23.46     13.83
 1499882095.96     0     34.56     21.51     17.49    12     35.73     22.49     17.61
 1499882096.06     0     35.29     22.83     12.75    12     36.25     23.74     12.66
 1499882096.16     0     34.91     21.74     17.62    12     35.81     22.59     17.50
 1499882096.26     0     34.85     22.17     14.03    12     35.76     23.04     14.17
 1499882096.36     0     35.46     22.45     16.06    12     36.07     23.13     16.23
 1499882096.46     0     34.29     21.25     17.51    12     35.63     22.40     17.66
 1499882096.56     0     35.32     22.86     12.87    12     36.29     23.80     12.72
 1499882096.66     0     34.82     21.65     17.63    12     35.77     22.54     17.71
 1499882096.76     0     35.19     22.72     12.86    12     36.19     23.69     12.77
 1499882096.86     0     34.93     21.75     17.65    12     35.84     22.63     17.68
 1499882096.96     0     34.72     21.94     14.92    12     35.67     22.84     14.88
 1499882097.06     0     35.10     22.31     15.44    12     36.07     23.25     15.45
 1499882097.16     0     34.64     21.47     17.63    12     35.64     22.40     17.73
 1499882097.26     0     35.27     22.81     12.84    12     36.30     23.80     12.73
 1499882097.36     0     34.76     21.59     17.64    12     35.80     22.56     17.62
 1499882097.46     0     35.07     22.61     12.84    12     36.08     23.58     12.87
 1499882097.56     0     34.82     21.67     17.49    12     35.48     22.40     17.41
 1499882097.66     0     34.80     21.86     15.87    12     36.15     23.03     16.29
 1499882097.77     0     35.07     22.43     14.26    12     36.10     23.41     14.35
 1499882097.87     0     34.76     21.58     17.55    12     35.73     22.49     17.64
 1499882097.97     0     35.23     22.77     12.85    12     35.91     23.53     12.53
 1499882098.07     0     34.91     21.74     17.61    12     35.83     22.60     17.59
 1499882098.17     0     34.89     22.27     13.71    12     35.88     23.22     13.58
 1499882098.27     0     35.03     22.08     16.49    12     36.01     22.98     16.54
 1499882098.37     0     34.69     21.60     17.21    12     36.00     22.72     17.08
 1499882098.47     0     35.20     22.70     13.14    12     36.25     23.71     13.37
 1499882098.57     0     34.87     21.69     17.54    12     35.43     22.33     17.58
 1499882098.67     0     35.22     22.76     12.86    12     36.25     23.74     12.67
 1499882098.77     0     34.84     21.67     17.42    12     35.83     22.61     17.68
 1499882098.87     0     34.86     22.06     14.74    12     35.90     23.05     14.96
 1499882098.97     0     32.98     20.31     15.22    12     34.33     21.46     15.28
 1499882099.07     0     34.67     21.88     14.71    12     35.66     22.83     14.68
 1499882099.17     0     35.38     22.43     15.69    12     36.11     23.23     15.35
 1499882099.27     0     34.15     21.09     17.31    12     35.54     22.29     17.67
 1499882099.37     0     35.16     22.70     12.51    12     36.28     23.78     12.80
 1499882099.47     0     34.67     21.49     17.38    12     35.70     22.46     17.60
 1499882099.57     0     35.05     22.60     12.80    12     36.14     23.64     12.81
 1499882099.67     0     34.74     21.56     17.37    12     35.80     22.56     17.52
 1499882099.77     0     34.69     21.87     15.01    12     35.73     22.85     15.18
 1499882099.87     0     35.06     22.28     15.25    12     36.10     23.25     15.30
 1499882099.97     0     34.48     21.30     17.53    12     35.17     22.05     17.55
 1499882100.07     0     35.15     22.70     12.70    12     36.22     23.73     12.61
 1499882100.17     0     34.67     21.48     17.48    12     35.72     22.46     17.72
 1499882100.27     0     35.04     22.59     12.67    12     36.12     23.61     12.81
 1499882100.37     0     34.76     21.58     17.48    12     35.78     22.53     17.52
 1499882100.47     0     34.40     21.67     15.20    12     35.72     22.81     15.39
 1499882100.57     0     35.05     22.29     15.05    12     36.09     23.27     15.10
 1499882100.67     0     34.49     21.31     17.53    12     35.55     22.30     17.39
 1499882100.77     0     35.15     22.69     12.66    12     36.19     23.69     12.80
 1499882100.87     0     34.69     21.51     17.51    12     35.77     22.51     17.71
 1499882100.97     0     35.04     22.58     12.80    12     35.74     23.36     12.59
 1499882101.07     0     34.81     21.62     17.58    12     35.79     22.54     17.71
 1499882101.17     0     34.70     21.82     15.41    12     36.05     22.99     15.66
 1499882101.27     0     34.92     22.22     14.60    12     36.00     23.25     14.72
 1499882101.37     0     34.50     21.32     17.53    12     35.56     22.30     17.58
 1499882101.47     0     35.15     22.69     12.79    12     35.86     23.48     12.40
 1499882101.57     0     34.75     21.56     17.59    12     35.77     22.50     17.63
 1499882101.67     0     34.92     22.46     12.77    12     36.01     23.51     12.62
 1499882101.77     0     34.73     21.60     17.36    12     35.77     22.55     17.68
 1499882101.87     0     34.65     21.71     15.92    12     35.68     22.70     15.30
 1499882101.97     0     34.98     22.32     14.28    12     36.36     23.51     14.73
 1499882102.07     0     34.54     21.36     17.45    12     35.18     22.04     17.66
 1499882102.17     0     35.17     22.72     12.69    12     36.18     23.69     12.80
 1499882102.28     0     34.81     21.62     17.40    12     35.76     22.50     17.62
 1499882102.38     0     34.93     22.45     12.86    12     35.98     23.47     12.72
 1499882102.48     0     34.77     21.65     17.37    12     35.79     22.58     17.57
 1499882102.58     0     33.91     21.14     14.63    12     34.89     22.09     14.42
 1499882102.68     0     34.96     22.08     15.84    12     35.93     23.02     15.69
 1499882102.78     0     34.25     21.23     17.48    12     35.49     22.31     17.29
 1499882102.88     0     35.47     22.85     12.78    12     36.20     23.66     12.95
 1499882102.98     0     34.40     21.33     17.55    12     35.71     22.47     17.55
 1499882103.08     0     35.19     22.73     12.74    12     36.12     23.62     12.78
 1499882103.18     0     34.77     21.58     17.65    12     35.75     22.52     17.53
 1499882103.28     0     34.73     22.02     14.24    12     35.69     22.93     14.35
 1499882103.38     0     35.05     22.17     15.92    12     36.06     23.14     16.02
 1499882103.48     0     34.63     21.47     17.55    12     35.48     22.27     17.46
 1499882103.58     0     35.26     22.80     12.80    12     36.22     23.73     12.72
 1499882103.68     0     34.75     21.56     17.58    12     35.75     22.51     17.44
 1499882103.78     0     35.15     22.69     12.74    12     35.76     23.40     12.65
 1499882103.88     0     33.71     20.55     17.44    12     34.85     21.63     17.33
 1499882103.98     0     27.77     15.41     11.84    12     30.21     17.82     11.56
 1499882104.08     0     34.59     21.40     17.41    12     35.44     22.19     17.63
 1499882104.18     0     35.16     22.71     12.63    12     36.14     23.66     12.67
 1499882104.28     0     34.77     21.58     17.65    12     35.75     22.50     17.57
 1499882104.38     0     34.81     22.19     13.67    12     35.80     23.15     13.57
 1499882104.48     0     34.96     21.98     16.66    12     35.94     22.90     16.63
 1499882104.58     0     34.60     21.51     17.00    12     35.56     22.44     16.95
 1499882104.68     0     35.09     22.56     13.32    12     36.12     23.53     13.35
 1499882104.78     0     34.74     21.55     17.55    12     35.65     22.41     17.65
 1499882104.88     0     35.16     22.70     12.82    12     36.15     23.65     12.77
 1499882104.98     0     34.47     21.40     17.53    12     35.73     22.49     17.56
 1499882105.08     0     35.09     22.30     13.78    12     35.69     22.99     13.89
 1499882105.18     0     35.00     22.07     16.39    12     36.02     23.02     16.31
 1499882105.28     0     34.26     21.26     17.07    12     35.51     22.35     17.26
 1499882105.38     0     35.52     22.89     13.26    12     36.19     23.63     12.86
 1499882105.48     0     34.41     21.34     17.33    12     35.69     22.44     17.57
 1499882105.58     0     35.15     22.69     12.64    12     36.15     23.66     12.77
 1499882105.68     0     34.85     21.66     17.65    12     35.78     22.53     17.48
 1499882105.78     0     34.80     22.08     14.20    12     35.72     22.95     14.24
 1499882105.88     0     35.14     22.23     15.97    12     36.10     23.15     16.01
 1499882105.98     0     34.52     21.35     17.35    12     35.49     22.26     17.50
 1499882106.08     0     35.16     22.69     12.61    12     35.88     23.51     12.67
 1499882106.18     0     34.69     21.50     17.65    12     35.72     22.47     17.48
 1499882106.28     0     35.11     22.65     12.74    12     36.15     23.65     12.78
 1499882106.38     0     34.78     21.60     17.55    12     35.78     22.54     17.56
 1499882106.48     0     34.68     21.92     14.63    12     35.70     22.91     14.56
 1499882106.59     0     34.97     22.13     15.60    12     36.09     23.18     15.57
 1499882106.69     0     34.49     21.30     17.52    12     35.52     22.27     17.65
 1499882106.79     0     35.19     22.74     12.82    12     36.28     23.78     12.77
 1499882106.89     0     34.70     21.50     17.57    12     35.72     22.48     17.67
 1499882106.99     0     34.70     22.36     12.70    12     36.11     23.62     12.68
 1499882107.09     0     34.78     21.60     17.56    12     35.76     22.52     17.65
 1499882107.19     0     34.67     21.89     14.85    12     35.70     22.86     14.68
 1499882107.29     0     34.99     22.17     15.58    12     36.05     23.18     15.54
 1499882107.39     0     34.50     21.31     17.62    12     35.52     22.28     17.45
 1499882107.49     0     35.19     22.73     12.73    12     36.24     23.75     12.67
 1499882107.59     0     34.68     21.49     17.66    12     35.72     22.47     17.57
 1499882107.69     0     35.05     22.59     12.74    12     35.78     23.40     12.65
 1499882107.79     0     34.79     21.60     17.54    12     35.77     22.53     17.66
 1499882107.89     0     34.75     21.91     15.19    12     35.75     22.88     15.10
 1499882107.99     0     35.03     22.24     15.25    12     36.08     23.23     15.23
 1499882108.09     0     34.52     21.33     17.52    12     35.52     22.28     17.63
 1499882108.19     0     35.20     22.74     12.81    12     36.23     23.74     12.67
 1499882108.29     0     34.68     21.49     17.54    12     35.73     22.48     17.39
 1499882108.39     0     34.70     22.36     12.65    12     36.14     23.64     12.69
 1499882108.49     0     34.77     21.58     17.55    12     35.77     22.53     17.56
 1499882108.59     0     34.78     21.90     15.33    12     35.79     22.85     15.34
 1499882108.69     0     35.03     22.26     15.04    12     36.12     23.31     14.78
 1499882108.79     0     34.51     21.32     17.51    12     35.19     22.07     17.64
 1499882108.89     0     35.13     22.67     12.72    12     36.24     23.75     12.68
 1499882108.99     0     34.67     21.46     17.70    12     35.70     22.45     17.56
 1499882109.09     0     35.03     22.56     12.75    12     36.16     23.66     12.79
 1499882109.19     0     34.77     21.57     17.53    12     35.82     22.58     17.66
 1499882109.29     0     34.68     21.78     15.43    12     35.79     22.86     15.50
 1499882109.39     0     34.92     22.23     14.68    12     36.01     23.25     14.88
 1499882109.49     0     34.50     21.31     17.63    12     35.59     22.34     17.64
 1499882109.59     0     34.79     22.45     12.59    12     36.29     23.80     12.49
 1499882109.69     0     34.72     21.52     17.56    12     35.76     22.52     17.49
 1499882109.79     0     34.98     22.52     12.82    12     36.05     23.55     12.71
 1499882109.89     0     34.69     21.54     17.75    12     35.82     22.62     17.60
 1499882109.99     0     34.64     21.72     15.61    12     35.74     22.77     15.67
 1499882110.09     0     35.30     22.50     14.59    12     36.07     23.36     14.52
 1499882110.19     0     34.56     21.37     17.65    12     35.62     22.37     17.56
 1499882110.29     0     34.80     22.47     12.68    12     36.25     23.75     12.58
 1499882110.39     0     34.73     21.54     17.66    12     35.77     22.53     17.68
 1499882110.49     0     34.90     22.41     13.02    12     35.96     23.42     12.74
 1499882110.59     0     34.82     21.69     17.34    12     35.86     22.69     17.40
 1499882110.69     0     34.74     21.76     16.23    12     35.75     22.74     16.31
 1499882110.79     0     35.06     22.43     14.10    12     36.08     23.42     14.07
 1499882110.89     0     34.74     21.54     17.46    12     35.71     22.49     17.52
 1499882110.99     0     35.22     22.76     12.77    12     36.24     23.74     12.73
 1499882111.09     0     34.85     21.67     17.64    12     35.81     22.60     17.60
 1499882111.20     0     34.85     22.19     13.86    12     35.81     23.12     13.96
 1499882111.30     0     35.04     22.11     16.38    12     36.06     23.10     16.12
 1499882111.40     0     34.64     21.49     17.50    12     35.63     22.44     17.35
 1499882111.50     0     35.21     22.75     12.87    12     36.25     23.76     12.86
 1499882111.60     0     34.81     21.62     17.54    12     35.77     22.55     17.63
 1499882111.70     0     35.18     22.71     12.88    12     36.22     23.71     12.65
 1499882111.80     0     34.88     21.70     17.60    12     35.86     22.65     17.49
 1499882111.90     0     34.86     22.01     15.27    12     35.92     23.03     14.99
 1499882112.00     0     35.03     22.23     15.35    12     36.05     23.25     15.12
 1499882112.10     0     34.57     21.38     17.53    12     35.22     22.12     17.36
 1499882112.20     0     35.29     22.83     12.85    12     36.33     23.84     12.69
 1499882112.30     0     34.79     21.60     17.73    12     35.84     22.61     17.62
 1499882112.40     0     34.80     22.45     12.77    12     36.24     23.73     12.76
 1499882112.50     0     34.86     21.69     17.59    12     35.87     22.66     17.57
 1499882112.60     0     34.24     21.49     14.42    12     35.23     22.46     14.19
 1499882112.70     0     35.43     22.44     16.19    12     36.12     23.22     15.89
 1499882112.80     0     34.35     21.28     17.55    12     35.68     22.45     17.44
 1499882112.90     0     35.30     22.84     12.86    12     36.35     23.85     12.60
 1499882113.00     0     34.80     21.61     17.57    12     35.81     22.59     17.50
 1499882113.10     0     35.17     22.69     12.91    12     36.25     23.74     12.85
 1499882113.20     0     34.87     21.68     17.52    12     35.86     22.65     17.27
 1499882113.30     0     34.83     21.94     15.44    12     35.84     22.92     15.39
 1499882113.40     0     35.00     22.29     14.72    12     36.06     23.33     14.76
 1499882113.50     0     34.68     21.48     17.77    12     35.68     22.46     17.62
 1499882113.60     0     35.29     22.82     12.88    12     36.31     23.81     12.81
 1499882113.70     0     34.84     21.65     17.56    12     35.85     22.64     17.40
 1499882113.80     0     34.93     22.36     13.30    12     35.94     23.33     13.39
 1499882113.90     0     34.91     21.88     16.97    12     35.93     22.88     16.75
 1499882114.00     0     34.74     21.68     16.82    12     35.70     22.62     16.73
 1499882114.10     0     35.16     22.60     13.39    12     36.19     23.61     13.46
 1499882114.20     0     34.78     21.59     17.76    12     35.79     22.57     17.60
 1499882114.30     0     35.22     22.75     12.88    12     36.28     23.78     12.63
 1499882114.40     0     34.85     21.66     17.73    12     35.87     22.66     17.57
 1499882114.50     0     34.78     22.04     14.42    12     35.79     23.01     14.57
 1499882114.60     0     34.71     21.84     15.89    12     35.60     22.72     15.57
 1499882114.70     0     34.69     21.55     17.44    12     35.65     22.48     17.41
 1499882114.80     0     35.24     22.74     12.80    12     36.32     23.79     12.97
 1499882114.90     0     34.79     21.59     17.57    12     35.81     22.58     17.38
 1499882115.00     0     35.20     22.72     12.89    12     35.90     23.52     12.74
 1499882115.10     0     34.87     21.68     17.63    12     35.88     22.67     17.58
 1499882115.20     0     34.84     22.02     15.14    12     35.89     23.05     14.99
 1499882115.31     0     35.04     22.25     15.14    12     36.12     23.29     15.31
 1499882115.41     0     34.68     21.48     17.68    12     35.71     22.49     17.53
 1499882115.51     0     35.27     22.80     12.74    12     36.36     23.85     12.81
 1499882115.61     0     34.48     21.41     17.67    12     35.86     22.64     17.23
 1499882115.71     0     35.11     22.62     12.89    12     36.13     23.60     12.96
